<?xml version="1.0" encoding="UTF-8"?>
<coverage generated="1678536250323" clover="3.2.0">
  <project timestamp="1678536250323" name="All files">
    <metrics statements="25" coveredstatements="25" conditionals="3" coveredconditionals="3" methods="12" coveredmethods="12" elements="40" coveredelements="40" complexity="0" loc="25" ncloc="25" packages="1" files="4" classes="4"/>
    <file name="Employee.js" path="C:\Users\bulaz\Bootcamp\GitHub\Team-Profile-Generator\lib\Employee.js">
      <metrics statements="9" coveredstatements="9" conditionals="1" coveredconditionals="1" methods="5" coveredmethods="5"/>
      <line num="5" count="14" type="stmt"/>
      <line num="6" count="14" type="stmt"/>
      <line num="7" count="14" type="stmt"/>
      <line num="12" count="1" type="stmt"/>
      <line num="15" count="1" type="stmt"/>
      <line num="18" count="1" type="stmt"/>
      <line num="23" count="1" type="stmt"/>
      <line num="26" count="1" type="stmt"/>
      <line num="30" count="4" type="stmt"/>
    </file>
    <file name="Engineer.js" path="C:\Users\bulaz\Bootcamp\GitHub\Team-Profile-Generator\lib\Engineer.js">
      <metrics statements="7" coveredstatements="7" conditionals="1" coveredconditionals="1" methods="3" coveredmethods="3"/>
      <line num="2" count="1" type="stmt"/>
      <line num="6" count="3" type="stmt"/>
      <line num="7" count="3" type="stmt"/>
      <line num="13" count="1" type="stmt"/>
      <line num="16" count="1" type="stmt"/>
      <line num="21" count="1" type="stmt"/>
      <line num="25" count="1" type="stmt"/>
    </file>
    <file name="Intern.js" path="C:\Users\bulaz\Bootcamp\GitHub\Team-Profile-Generator\lib\Intern.js">
      <metrics statements="2" coveredstatements="2" conditionals="0" coveredconditionals="0" methods="1" coveredmethods="1"/>
      <line num="2" count="1" type="stmt"/>
      <line num="9" count="1" type="stmt"/>
    </file>
    <file name="Manager.js" path="C:\Users\bulaz\Bootcamp\GitHub\Team-Profile-Generator\lib\Manager.js">
      <metrics statements="7" coveredstatements="7" conditionals="1" coveredconditionals="1" methods="3" coveredmethods="3"/>
      <line num="2" count="1" type="stmt"/>
      <line num="6" count="3" type="stmt"/>
      <line num="7" count="3" type="stmt"/>
      <line num="13" count="1" type="stmt"/>
      <line num="16" count="1" type="stmt"/>
      <line num="21" count="1" type="stmt"/>
      <line num="28" count="1" type="stmt"/>
    </file>
  </project>
</coverage>
