{"C:\\Users\\bulaz\\Bootcamp\\GitHub\\Team-Profile-Generator\\lib\\Employee.js": {"path":"C:\\Users\\bulaz\\Bootcamp\\GitHub\\Team-Profile-Generator\\lib\\Employee.js","statementMap":{"0":{"start":{"line":5,"column":6},"end":{"line":5,"column":23}},"1":{"start":{"line":6,"column":6},"end":{"line":6,"column":19}},"2":{"start":{"line":7,"column":6},"end":{"line":7,"column":25}},"3":{"start":{"line":24,"column":2},"end":{"line":24,"column":28}},"4":{"start":{"line":26,"column":20},"end":{"line":26,"column":23}},"5":{"start":{"line":27,"column":12},"end":{"line":27,"column":42}},"6":{"start":{"line":28,"column":2},"end":{"line":28,"column":20}}},"fnMap":{"0":{"name":"(anonymous_0)","decl":{"start":{"line":4,"column":4},"end":{"line":4,"column":5}},"loc":{"start":{"line":4,"column":31},"end":{"line":9,"column":5}},"line":4},"1":{"name":"(anonymous_1)","decl":{"start":{"line":11,"column":4},"end":{"line":11,"column":5}},"loc":{"start":{"line":11,"column":14},"end":{"line":13,"column":5}},"line":11},"2":{"name":"(anonymous_2)","decl":{"start":{"line":14,"column":4},"end":{"line":14,"column":5}},"loc":{"start":{"line":14,"column":12},"end":{"line":16,"column":5}},"line":14},"3":{"name":"(anonymous_3)","decl":{"start":{"line":17,"column":4},"end":{"line":17,"column":5}},"loc":{"start":{"line":17,"column":15},"end":{"line":19,"column":5}},"line":17},"4":{"name":"(anonymous_4)","decl":{"start":{"line":20,"column":4},"end":{"line":20,"column":5}},"loc":{"start":{"line":20,"column":14},"end":{"line":22,"column":5}},"line":20}},"branchMap":{},"s":{"0":10,"1":10,"2":10,"3":2,"4":2,"5":2,"6":2},"f":{"0":10,"1":1,"2":1,"3":1,"4":1},"b":{},"_coverageSchema":"1a1c01bbd47fc00a2c39e90264f33305004495a9","hash":"55ec5d6c1151c21f8ea484663adeeed3b133270c"}
,"C:\\Users\\bulaz\\Bootcamp\\GitHub\\Team-Profile-Generator\\lib\\Engineer.js": {"path":"C:\\Users\\bulaz\\Bootcamp\\GitHub\\Team-Profile-Generator\\lib\\Engineer.js","statementMap":{},"fnMap":{},"branchMap":{},"s":{},"f":{},"b":{},"_coverageSchema":"1a1c01bbd47fc00a2c39e90264f33305004495a9","hash":"812111644da9b52c72364b4e65acb981109139e1"}
,"C:\\Users\\bulaz\\Bootcamp\\GitHub\\Team-Profile-Generator\\lib\\Intern.js": {"path":"C:\\Users\\bulaz\\Bootcamp\\GitHub\\Team-Profile-Generator\\lib\\Intern.js","statementMap":{},"fnMap":{},"branchMap":{},"s":{},"f":{},"b":{},"_coverageSchema":"1a1c01bbd47fc00a2c39e90264f33305004495a9","hash":"cdb19b3e9dd671b229c1d698e860b9b2086af66d"}
,"C:\\Users\\bulaz\\Bootcamp\\GitHub\\Team-Profile-Generator\\lib\\Manager.js": {"path":"C:\\Users\\bulaz\\Bootcamp\\GitHub\\Team-Profile-Generator\\lib\\Manager.js","statementMap":{},"fnMap":{},"branchMap":{},"s":{},"f":{},"b":{},"_coverageSchema":"1a1c01bbd47fc00a2c39e90264f33305004495a9","hash":"be3492e726a91082b34fd73fcb5452814781d6c1"}
}
