{"C:\\Users\\bulaz\\Bootcamp\\GitHub\\Team-Profile-Generator\\lib\\Employee.js": {"path":"C:\\Users\\bulaz\\Bootcamp\\GitHub\\Team-Profile-Generator\\lib\\Employee.js","statementMap":{"0":{"start":{"line":5,"column":6},"end":{"line":5,"column":23}},"1":{"start":{"line":6,"column":6},"end":{"line":6,"column":19}},"2":{"start":{"line":7,"column":6},"end":{"line":7,"column":25}},"3":{"start":{"line":12,"column":8},"end":{"line":12,"column":25}},"4":{"start":{"line":15,"column":8},"end":{"line":15,"column":23}},"5":{"start":{"line":18,"column":8},"end":{"line":18,"column":26}},"6":{"start":{"line":22,"column":8},"end":{"line":22,"column":31}},"7":{"start":{"line":23,"column":8},"end":{"line":23,"column":24}},"8":{"start":{"line":26,"column":2},"end":{"line":26,"column":28}}},"fnMap":{"0":{"name":"(anonymous_0)","decl":{"start":{"line":4,"column":4},"end":{"line":4,"column":5}},"loc":{"start":{"line":4,"column":31},"end":{"line":9,"column":5}},"line":4},"1":{"name":"(anonymous_1)","decl":{"start":{"line":11,"column":4},"end":{"line":11,"column":5}},"loc":{"start":{"line":11,"column":14},"end":{"line":13,"column":5}},"line":11},"2":{"name":"(anonymous_2)","decl":{"start":{"line":14,"column":4},"end":{"line":14,"column":5}},"loc":{"start":{"line":14,"column":12},"end":{"line":16,"column":5}},"line":14},"3":{"name":"(anonymous_3)","decl":{"start":{"line":17,"column":4},"end":{"line":17,"column":5}},"loc":{"start":{"line":17,"column":15},"end":{"line":19,"column":5}},"line":17},"4":{"name":"(anonymous_4)","decl":{"start":{"line":20,"column":4},"end":{"line":20,"column":5}},"loc":{"start":{"line":20,"column":14},"end":{"line":24,"column":5}},"line":20}},"branchMap":{},"s":{"0":8,"1":8,"2":8,"3":1,"4":1,"5":1,"6":1,"7":1,"8":4},"f":{"0":8,"1":1,"2":1,"3":1,"4":1},"b":{},"_coverageSchema":"1a1c01bbd47fc00a2c39e90264f33305004495a9","hash":"bb057b65e127f79d32b9e2cd9a9a763fbc9f0b17"}
,"C:\\Users\\bulaz\\Bootcamp\\GitHub\\Team-Profile-Generator\\lib\\Engineer.js": {"path":"C:\\Users\\bulaz\\Bootcamp\\GitHub\\Team-Profile-Generator\\lib\\Engineer.js","statementMap":{"0":{"start":{"line":2,"column":17},"end":{"line":2,"column":38}}},"fnMap":{"0":{"name":"(anonymous_0)","decl":{"start":{"line":5,"column":4},"end":{"line":5,"column":5}},"loc":{"start":{"line":5,"column":18},"end":{"line":7,"column":5}},"line":5}},"branchMap":{},"s":{"0":1},"f":{"0":0},"b":{},"_coverageSchema":"1a1c01bbd47fc00a2c39e90264f33305004495a9","hash":"a6c3ca6da0a6427682e2327a9d8e22722da5cd94"}
,"C:\\Users\\bulaz\\Bootcamp\\GitHub\\Team-Profile-Generator\\lib\\Intern.js": {"path":"C:\\Users\\bulaz\\Bootcamp\\GitHub\\Team-Profile-Generator\\lib\\Intern.js","statementMap":{"0":{"start":{"line":2,"column":17},"end":{"line":2,"column":38}}},"fnMap":{"0":{"name":"(anonymous_0)","decl":{"start":{"line":5,"column":4},"end":{"line":5,"column":5}},"loc":{"start":{"line":5,"column":18},"end":{"line":7,"column":5}},"line":5}},"branchMap":{},"s":{"0":1},"f":{"0":0},"b":{},"_coverageSchema":"1a1c01bbd47fc00a2c39e90264f33305004495a9","hash":"bc4a498fbac681b6aec43cf06b46fb5b4485e550"}
,"C:\\Users\\bulaz\\Bootcamp\\GitHub\\Team-Profile-Generator\\lib\\Manager.js": {"path":"C:\\Users\\bulaz\\Bootcamp\\GitHub\\Team-Profile-Generator\\lib\\Manager.js","statementMap":{"0":{"start":{"line":2,"column":17},"end":{"line":2,"column":38}}},"fnMap":{"0":{"name":"(anonymous_0)","decl":{"start":{"line":5,"column":4},"end":{"line":5,"column":5}},"loc":{"start":{"line":5,"column":18},"end":{"line":7,"column":5}},"line":5}},"branchMap":{},"s":{"0":1},"f":{"0":0},"b":{},"_coverageSchema":"1a1c01bbd47fc00a2c39e90264f33305004495a9","hash":"787e9a242966dbfcf9ac6d945a6231ee6d9f831d"}
}
